<?xml version="1.0" encoding="UTF-8" ?>
<testsuites>
  <testsuite errors="1" failures="0" hostname="Avi-QOSMIO" id="0" name="Filter" package="org.junit.runner.manipulation" tests="1" time="0.032" timestamp="2014-02-04T17:15:35">
      <properties />

      <testcase classname="org.junit.runner.manipulation.Filter" name="initializationError" time="0.031">
          <error message="No tests found matching grails test target pattern filter from org.junit.runner.Request$1@e93c2f0" type="java.lang.Exception">java.lang.Exception: No tests found matching grails test target pattern filter from org.junit.runner.Request$1@e93c2f0
</error>

      </testcase>

      <system-out><![CDATA[--Output from initializationError--
]]></system-out>

      <system-err><![CDATA[--Output from initializationError--
]]></system-err>

  </testsuite>
</testsuites>
